<?xml version="1.0" encoding="UTF-8"?>
<testng-results ignored="0" total="5" passed="5" failed="0" skipped="0">
  <reporter-output>
  </reporter-output>
  <suite started-at="2023-08-18T13:46:58 AEST" name="Suite" finished-at="2023-08-18T13:49:23 AEST" duration-ms="144516">
    <groups>
      <group name="regressionTest">
        <method signature="FetchDataUsingExcelFile.FetchDataUsingExcelFile()[pri:0, instance:OrganizationModule.FetchDataUsingExcelFile@5656be13]" name="FetchDataUsingExcelFile" class="OrganizationModule.FetchDataUsingExcelFile"/>
        <method signature="CreateCampaignwithProduct.CreateCampaignwithProduct()[pri:0, instance:CampaignModule.CreateCampaignwithProduct@6a78afa0]" name="CreateCampaignwithProduct" class="CampaignModule.CreateCampaignwithProduct"/>
      </group> <!-- regressionTest -->
      <group name="smokeTest">
        <method signature="CreateCampaign.CreateCampaign()[pri:0, instance:CampaignModule.CreateCampaign@59474f18]" name="CreateCampaign" class="CampaignModule.CreateCampaign"/>
        <method signature="FetchDataUsingExcelFile.FetchDataUsingExcelFile()[pri:0, instance:OrganizationModule.FetchDataUsingExcelFile@5656be13]" name="FetchDataUsingExcelFile" class="OrganizationModule.FetchDataUsingExcelFile"/>
        <method signature="CreateProdUsingPropertiesFile.CreateProdUsingPropertiesFile()[pri:0, instance:ProductModule.CreateProdUsingPropertiesFile@34123d65]" name="CreateProdUsingPropertiesFile" class="ProductModule.CreateProdUsingPropertiesFile"/>
        <method signature="CreateProdUsingPropertiesFile.CreateProdUsingPropertiesFile()[pri:0, instance:ProductModule.CreateProdUsingPropertiesFile@2f4948e4]" name="CreateProdUsingPropertiesFile" class="ProductModule.CreateProdUsingPropertiesFile"/>
      </group> <!-- smokeTest -->
    </groups>
    <test started-at="2023-08-18T13:46:58 AEST" name="Test1" finished-at="2023-08-18T13:48:50 AEST" duration-ms="111793">
      <class name="ProductModule.CreateProdUsingPropertiesFile">
        <test-method is-config="true" signature="beforeClass()[pri:0, instance:ProductModule.CreateProdUsingPropertiesFile@34123d65]" started-at="2023-08-18T13:46:58 AEST" name="beforeClass" finished-at="2023-08-18T13:47:07 AEST" duration-ms="8093" status="PASS">
          <reporter-output>
          </reporter-output>
        </test-method> <!-- beforeClass -->
        <test-method is-config="true" signature="beforeMethod()[pri:0, instance:ProductModule.CreateProdUsingPropertiesFile@34123d65]" started-at="2023-08-18T13:47:07 AEST" name="beforeMethod" finished-at="2023-08-18T13:47:26 AEST" duration-ms="19732" status="PASS">
          <reporter-output>
          </reporter-output>
        </test-method> <!-- beforeMethod -->
        <test-method signature="CreateProdUsingPropertiesFile()[pri:0, instance:ProductModule.CreateProdUsingPropertiesFile@34123d65]" started-at="2023-08-18T13:47:26 AEST" name="CreateProdUsingPropertiesFile" finished-at="2023-08-18T13:48:42 AEST" duration-ms="76096" status="PASS">
          <reporter-output>
          </reporter-output>
        </test-method> <!-- CreateProdUsingPropertiesFile -->
        <test-method is-config="true" signature="afterMethod()[pri:0, instance:ProductModule.CreateProdUsingPropertiesFile@34123d65]" started-at="2023-08-18T13:48:42 AEST" name="afterMethod" finished-at="2023-08-18T13:48:46 AEST" duration-ms="3284" status="PASS">
          <reporter-output>
          </reporter-output>
        </test-method> <!-- afterMethod -->
        <test-method is-config="true" signature="afterClass()[pri:0, instance:ProductModule.CreateProdUsingPropertiesFile@34123d65]" started-at="2023-08-18T13:48:46 AEST" name="afterClass" finished-at="2023-08-18T13:48:46 AEST" duration-ms="606" status="PASS">
          <reporter-output>
          </reporter-output>
        </test-method> <!-- afterClass -->
      </class> <!-- ProductModule.CreateProdUsingPropertiesFile -->
      <class name="CampaignModule.CreateCampaign">
        <test-method is-config="true" signature="beforeClass()[pri:0, instance:CampaignModule.CreateCampaign@59474f18]" started-at="2023-08-18T13:46:58 AEST" name="beforeClass" finished-at="2023-08-18T13:47:06 AEST" duration-ms="7477" status="PASS">
          <reporter-output>
          </reporter-output>
        </test-method> <!-- beforeClass -->
        <test-method is-config="true" signature="beforeMethod()[pri:0, instance:CampaignModule.CreateCampaign@59474f18]" started-at="2023-08-18T13:47:06 AEST" name="beforeMethod" finished-at="2023-08-18T13:47:26 AEST" duration-ms="19453" status="PASS">
          <reporter-output>
          </reporter-output>
        </test-method> <!-- beforeMethod -->
        <test-method signature="CreateCampaign()[pri:0, instance:CampaignModule.CreateCampaign@59474f18]" started-at="2023-08-18T13:47:26 AEST" name="CreateCampaign" finished-at="2023-08-18T13:48:41 AEST" duration-ms="75461" status="PASS">
          <reporter-output>
          </reporter-output>
        </test-method> <!-- CreateCampaign -->
        <test-method is-config="true" signature="afterMethod()[pri:0, instance:CampaignModule.CreateCampaign@59474f18]" started-at="2023-08-18T13:48:41 AEST" name="afterMethod" finished-at="2023-08-18T13:48:44 AEST" duration-ms="2708" status="PASS">
          <reporter-output>
          </reporter-output>
        </test-method> <!-- afterMethod -->
        <test-method is-config="true" signature="afterClass()[pri:0, instance:CampaignModule.CreateCampaign@59474f18]" started-at="2023-08-18T13:48:44 AEST" name="afterClass" finished-at="2023-08-18T13:48:44 AEST" duration-ms="616" status="PASS">
          <reporter-output>
          </reporter-output>
        </test-method> <!-- afterClass -->
      </class> <!-- CampaignModule.CreateCampaign -->
      <class name="OrganizationModule.FetchDataUsingExcelFile">
        <test-method is-config="true" signature="beforeTest()[pri:0, instance:OrganizationModule.FetchDataUsingExcelFile@5656be13]" started-at="2023-08-18T13:46:58 AEST" name="beforeTest" finished-at="2023-08-18T13:46:58 AEST" duration-ms="1" status="PASS">
          <reporter-output>
          </reporter-output>
        </test-method> <!-- beforeTest -->
        <test-method is-config="true" signature="beforeClass()[pri:0, instance:OrganizationModule.FetchDataUsingExcelFile@5656be13]" started-at="2023-08-18T13:46:58 AEST" name="beforeClass" finished-at="2023-08-18T13:47:06 AEST" duration-ms="7759" status="PASS">
          <reporter-output>
          </reporter-output>
        </test-method> <!-- beforeClass -->
        <test-method is-config="true" signature="beforeMethod()[pri:0, instance:OrganizationModule.FetchDataUsingExcelFile@5656be13]" started-at="2023-08-18T13:47:06 AEST" name="beforeMethod" finished-at="2023-08-18T13:47:25 AEST" duration-ms="18502" status="PASS">
          <reporter-output>
          </reporter-output>
        </test-method> <!-- beforeMethod -->
        <test-method signature="FetchDataUsingExcelFile()[pri:0, instance:OrganizationModule.FetchDataUsingExcelFile@5656be13]" started-at="2023-08-18T13:47:25 AEST" name="FetchDataUsingExcelFile" finished-at="2023-08-18T13:48:43 AEST" duration-ms="78417" status="PASS">
          <reporter-output>
          </reporter-output>
        </test-method> <!-- FetchDataUsingExcelFile -->
        <test-method is-config="true" signature="afterMethod()[pri:0, instance:OrganizationModule.FetchDataUsingExcelFile@5656be13]" started-at="2023-08-18T13:48:43 AEST" name="afterMethod" finished-at="2023-08-18T13:48:50 AEST" duration-ms="6516" status="PASS">
          <reporter-output>
          </reporter-output>
        </test-method> <!-- afterMethod -->
        <test-method is-config="true" signature="afterClass()[pri:0, instance:OrganizationModule.FetchDataUsingExcelFile@5656be13]" started-at="2023-08-18T13:48:50 AEST" name="afterClass" finished-at="2023-08-18T13:48:50 AEST" duration-ms="532" status="PASS">
          <reporter-output>
          </reporter-output>
        </test-method> <!-- afterClass -->
        <test-method is-config="true" signature="afterTest()[pri:0, instance:OrganizationModule.FetchDataUsingExcelFile@5656be13]" started-at="2023-08-18T13:48:50 AEST" name="afterTest" finished-at="2023-08-18T13:48:50 AEST" duration-ms="2" status="PASS">
          <reporter-output>
          </reporter-output>
        </test-method> <!-- afterTest -->
      </class> <!-- OrganizationModule.FetchDataUsingExcelFile -->
    </test> <!-- Test1 -->
    <test started-at="2023-08-18T13:46:58 AEST" name="Test2" finished-at="2023-08-18T13:49:23 AEST" duration-ms="144515">
      <class name="ProductModule.CreateProdUsingPropertiesFile">
        <test-method is-config="true" signature="beforeClass()[pri:0, instance:ProductModule.CreateProdUsingPropertiesFile@2f4948e4]" started-at="2023-08-18T13:49:01 AEST" name="beforeClass" finished-at="2023-08-18T13:49:04 AEST" duration-ms="2620" status="PASS">
          <reporter-output>
          </reporter-output>
        </test-method> <!-- beforeClass -->
        <test-method is-config="true" signature="beforeMethod()[pri:0, instance:ProductModule.CreateProdUsingPropertiesFile@2f4948e4]" started-at="2023-08-18T13:49:04 AEST" name="beforeMethod" finished-at="2023-08-18T13:49:09 AEST" duration-ms="5328" status="PASS">
          <reporter-output>
          </reporter-output>
        </test-method> <!-- beforeMethod -->
        <test-method signature="CreateProdUsingPropertiesFile()[pri:0, instance:ProductModule.CreateProdUsingPropertiesFile@2f4948e4]" started-at="2023-08-18T13:49:09 AEST" name="CreateProdUsingPropertiesFile" finished-at="2023-08-18T13:49:21 AEST" duration-ms="12195" status="PASS">
          <reporter-output>
          </reporter-output>
        </test-method> <!-- CreateProdUsingPropertiesFile -->
        <test-method is-config="true" signature="afterMethod()[pri:0, instance:ProductModule.CreateProdUsingPropertiesFile@2f4948e4]" started-at="2023-08-18T13:49:21 AEST" name="afterMethod" finished-at="2023-08-18T13:49:23 AEST" duration-ms="1483" status="PASS">
          <reporter-output>
          </reporter-output>
        </test-method> <!-- afterMethod -->
        <test-method is-config="true" signature="afterClass()[pri:0, instance:ProductModule.CreateProdUsingPropertiesFile@2f4948e4]" started-at="2023-08-18T13:49:23 AEST" name="afterClass" finished-at="2023-08-18T13:49:23 AEST" duration-ms="313" status="PASS">
          <reporter-output>
          </reporter-output>
        </test-method> <!-- afterClass -->
      </class> <!-- ProductModule.CreateProdUsingPropertiesFile -->
      <class name="CampaignModule.CreateCampaignwithProduct">
        <test-method is-config="true" signature="BeforeSuite()[pri:0, instance:CampaignModule.CreateCampaignwithProduct@6a78afa0]" started-at="2023-08-18T13:46:57 AEST" name="BeforeSuite" finished-at="2023-08-18T13:46:58 AEST" duration-ms="1016" status="PASS">
          <reporter-output>
          </reporter-output>
        </test-method> <!-- BeforeSuite -->
        <test-method is-config="true" signature="beforeTest()[pri:0, instance:CampaignModule.CreateCampaignwithProduct@6a78afa0]" started-at="2023-08-18T13:46:58 AEST" name="beforeTest" finished-at="2023-08-18T13:46:58 AEST" duration-ms="1" status="PASS">
          <reporter-output>
          </reporter-output>
        </test-method> <!-- beforeTest -->
        <test-method is-config="true" signature="beforeClass()[pri:0, instance:CampaignModule.CreateCampaignwithProduct@6a78afa0]" started-at="2023-08-18T13:46:58 AEST" name="beforeClass" finished-at="2023-08-18T13:47:07 AEST" duration-ms="8159" status="PASS">
          <reporter-output>
          </reporter-output>
        </test-method> <!-- beforeClass -->
        <test-method is-config="true" signature="beforeMethod()[pri:0, instance:CampaignModule.CreateCampaignwithProduct@6a78afa0]" started-at="2023-08-18T13:47:07 AEST" name="beforeMethod" finished-at="2023-08-18T13:47:28 AEST" duration-ms="21362" status="PASS">
          <reporter-output>
          </reporter-output>
        </test-method> <!-- beforeMethod -->
        <test-method signature="CreateCampaignwithProduct()[pri:0, instance:CampaignModule.CreateCampaignwithProduct@6a78afa0]" started-at="2023-08-18T13:47:28 AEST" name="CreateCampaignwithProduct" finished-at="2023-08-18T13:49:00 AEST" duration-ms="91670" status="PASS">
          <reporter-output>
          </reporter-output>
        </test-method> <!-- CreateCampaignwithProduct -->
        <test-method is-config="true" signature="afterMethod()[pri:0, instance:CampaignModule.CreateCampaignwithProduct@6a78afa0]" started-at="2023-08-18T13:49:00 AEST" name="afterMethod" finished-at="2023-08-18T13:49:01 AEST" duration-ms="1000" status="PASS">
          <reporter-output>
          </reporter-output>
        </test-method> <!-- afterMethod -->
        <test-method is-config="true" signature="afterClass()[pri:0, instance:CampaignModule.CreateCampaignwithProduct@6a78afa0]" started-at="2023-08-18T13:49:01 AEST" name="afterClass" finished-at="2023-08-18T13:49:01 AEST" duration-ms="341" status="PASS">
          <reporter-output>
          </reporter-output>
        </test-method> <!-- afterClass -->
        <test-method is-config="true" signature="afterTest()[pri:0, instance:CampaignModule.CreateCampaignwithProduct@6a78afa0]" started-at="2023-08-18T13:49:23 AEST" name="afterTest" finished-at="2023-08-18T13:49:23 AEST" duration-ms="1" status="PASS">
          <reporter-output>
          </reporter-output>
        </test-method> <!-- afterTest -->
        <test-method is-config="true" signature="aftersuite()[pri:0, instance:CampaignModule.CreateCampaignwithProduct@6a78afa0]" started-at="2023-08-18T13:49:23 AEST" name="aftersuite" finished-at="2023-08-18T13:49:23 AEST" duration-ms="1" status="PASS">
          <reporter-output>
          </reporter-output>
        </test-method> <!-- aftersuite -->
      </class> <!-- CampaignModule.CreateCampaignwithProduct -->
    </test> <!-- Test2 -->
  </suite> <!-- Suite -->
</testng-results>
