<?xml version="1.0" encoding="UTF-8"?>
<!-- Generated by org.testng.reporters.JUnitXMLReporter -->
<testsuite ignored="1" hostname="Queen" failures="0" tests="1" name="Test" time="70.136" errors="0" timestamp="2023-08-18T01:51:10 AEST">
  <testcase classname="CampaignModule.CampaignRegionalRegression" name="CreateProdUsingPropertiesFile" time="40.244"/>
  <testcase classname="CampaignModule.CampaignRegionalRegression" name="CreateCampaign" time="0.0">
    <ignored/>
  </testcase> <!-- CreateCampaign -->
</testsuite> <!-- Test -->
